This is pdfTeX, Version 3.14159265-2.6-1.40.20 (TeX Live 2019) (preloaded format=pdflatex 2019.12.5)  25 DEC 2019 17:13
entering extended mode
 restricted \write18 enabled.
 %&-line parsing enabled.
**SquareLatticePercolation.tex
(./SquareLatticePercolation.tex
LaTeX2e <2018-12-01>
(/home/shahnoor/software/texlive/2019/texmf-dist/tex/latex/base/report.cls
Document Class: report 2018/09/03 v1.4i Standard LaTeX document class
(/home/shahnoor/software/texlive/2019/texmf-dist/tex/latex/base/size10.clo
File: size10.clo 2018/09/03 v1.4i Standard LaTeX file (size option)
)
\c@part=\count80
\c@chapter=\count81
\c@section=\count82
\c@subsection=\count83
\c@subsubsection=\count84
\c@paragraph=\count85
\c@subparagraph=\count86
\c@figure=\count87
\c@table=\count88
\abovecaptionskip=\skip41
\belowcaptionskip=\skip42
\bibindent=\dimen102
)
(/home/shahnoor/software/texlive/2019/texmf-dist/tex/latex/base/inputenc.sty
Package: inputenc 2018/08/11 v1.3c Input encoding file
\inpenc@prehook=\toks14
\inpenc@posthook=\toks15
)
(/home/shahnoor/software/texlive/2019/texmf-dist/tex/latex/base/fontenc.sty
Package: fontenc 2018/08/11 v2.0j Standard LaTeX package

(/home/shahnoor/software/texlive/2019/texmf-dist/tex/latex/base/t1enc.def
File: t1enc.def 2018/08/11 v2.0j Standard LaTeX file
LaTeX Font Info:    Redeclaring font encoding T1 on input line 48.
))
(/home/shahnoor/software/texlive/2019/texmf-dist/tex/latex/amsmath/amsmath.sty
Package: amsmath 2018/12/01 v2.17b AMS math features
\@mathmargin=\skip43

For additional information on amsmath, use the `?' option.
(/home/shahnoor/software/texlive/2019/texmf-dist/tex/latex/amsmath/amstext.sty
Package: amstext 2000/06/29 v2.01 AMS text

(/home/shahnoor/software/texlive/2019/texmf-dist/tex/latex/amsmath/amsgen.sty
File: amsgen.sty 1999/11/30 v2.0 generic functions
\@emptytoks=\toks16
\ex@=\dimen103
)) (/home/shahnoor/software/texlive/2019/texmf-dist/tex/latex/amsmath/amsbsy.st
y
Package: amsbsy 1999/11/29 v1.2d Bold Symbols
\pmbraise@=\dimen104
) (/home/shahnoor/software/texlive/2019/texmf-dist/tex/latex/amsmath/amsopn.sty
Package: amsopn 2016/03/08 v2.02 operator names
)
\inf@bad=\count89
LaTeX Info: Redefining \frac on input line 223.
\uproot@=\count90
\leftroot@=\count91
LaTeX Info: Redefining \overline on input line 385.
\classnum@=\count92
\DOTSCASE@=\count93
LaTeX Info: Redefining \ldots on input line 482.
LaTeX Info: Redefining \dots on input line 485.
LaTeX Info: Redefining \cdots on input line 606.
\Mathstrutbox@=\box27
\strutbox@=\box28
\big@size=\dimen105
LaTeX Font Info:    Redeclaring font encoding OML on input line 729.
LaTeX Font Info:    Redeclaring font encoding OMS on input line 730.
\macc@depth=\count94
\c@MaxMatrixCols=\count95
\dotsspace@=\muskip10
\c@parentequation=\count96
\dspbrk@lvl=\count97
\tag@help=\toks17
\row@=\count98
\column@=\count99
\maxfields@=\count100
\andhelp@=\toks18
\eqnshift@=\dimen106
\alignsep@=\dimen107
\tagshift@=\dimen108
\tagwidth@=\dimen109
\totwidth@=\dimen110
\lineht@=\dimen111
\@envbody=\toks19
\multlinegap=\skip44
\multlinetaggap=\skip45
\mathdisplay@stack=\toks20
LaTeX Info: Redefining \[ on input line 2844.
LaTeX Info: Redefining \] on input line 2845.
)
(/home/shahnoor/software/texlive/2019/texmf-dist/tex/latex/amsfonts/amsfonts.st
y
Package: amsfonts 2013/01/14 v3.01 Basic AMSFonts support
\symAMSa=\mathgroup4
\symAMSb=\mathgroup5
LaTeX Font Info:    Overwriting math alphabet `\mathfrak' in version `bold'
(Font)                  U/euf/m/n --> U/euf/b/n on input line 106.
)
(/home/shahnoor/software/texlive/2019/texmf-dist/tex/latex/amsfonts/amssymb.sty
Package: amssymb 2013/01/14 v3.01 AMS font symbols
)
(/home/shahnoor/software/texlive/2019/texmf-dist/tex/latex/graphics/graphicx.st
y
Package: graphicx 2017/06/01 v1.1a Enhanced LaTeX Graphics (DPC,SPQR)

(/home/shahnoor/software/texlive/2019/texmf-dist/tex/latex/graphics/keyval.sty
Package: keyval 2014/10/28 v1.15 key=value parser (DPC)
\KV@toks@=\toks21
)
(/home/shahnoor/software/texlive/2019/texmf-dist/tex/latex/graphics/graphics.st
y
Package: graphics 2017/06/25 v1.2c Standard LaTeX Graphics (DPC,SPQR)
 (/home/shahnoor/software/texlive/2019/texmf-dist/tex/latex/graphics/trig.sty
Package: trig 2016/01/03 v1.10 sin cos tan (DPC)
)
(/home/shahnoor/software/texlive/2019/texmf-dist/tex/latex/graphics-cfg/graphic
s.cfg
File: graphics.cfg 2016/06/04 v1.11 sample graphics configuration
)
Package graphics Info: Driver file: pdftex.def on input line 99.

(/home/shahnoor/software/texlive/2019/texmf-dist/tex/latex/graphics-def/pdftex.
def
File: pdftex.def 2018/01/08 v1.0l Graphics/color driver for pdftex
))
\Gin@req@height=\dimen112
\Gin@req@width=\dimen113
)
(/home/shahnoor/software/texlive/2019/texmf-dist/tex/latex/subfloat/subfloat.st
y
Package: subfloat 2003/08/21 version 2.14
 Package `subfloat', Version 2.14 of 2003/08/21.

Package subfloat Warning: Numbers of floats not counted:
(subfloat)                If you use one of the counters subfloatfiguremax or
(subfloat)                subfloattablemax you will get strange error messages
(subfloat)                containing \c@subfloatfiguremax or
(subfloat)                \c@subfloattablemax:
(subfloat)                Please switch on countmax or remove the code using
(subfloat)                the counter then..

) (/home/shahnoor/software/texlive/2019/texmf-dist/tex/latex/subfig/subfig.sty
Package: subfig 2005/06/28 ver: 1.3 subfig package

(/home/shahnoor/software/texlive/2019/texmf-dist/tex/latex/caption/caption.sty
Package: caption 2018/10/06 v3.3-154 Customizing captions (AR)

(/home/shahnoor/software/texlive/2019/texmf-dist/tex/latex/caption/caption3.sty
Package: caption3 2018/09/12 v1.8c caption3 kernel (AR)
Package caption3 Info: TeX engine: e-TeX on input line 64.
\captionmargin=\dimen114
\captionmargin@=\dimen115
\captionwidth=\dimen116
\caption@tempdima=\dimen117
\caption@indent=\dimen118
\caption@parindent=\dimen119
\caption@hangindent=\dimen120
)
\c@caption@flags=\count101
\c@ContinuedFloat=\count102
)
\c@KVtest=\count103
\sf@farskip=\skip46
\sf@captopadj=\dimen121
\sf@capskip=\skip47
\sf@nearskip=\skip48
\c@subfigure=\count104
\c@subfigure@save=\count105
\c@lofdepth=\count106
\c@subtable=\count107
\c@subtable@save=\count108
\c@lotdepth=\count109
\sf@top=\skip49
\sf@bottom=\skip50
)
(/home/shahnoor/software/texlive/2019/texmf-dist/tex/latex/xcolor/xcolor.sty
Package: xcolor 2016/05/11 v2.12 LaTeX color extensions (UK)

(/home/shahnoor/software/texlive/2019/texmf-dist/tex/latex/graphics-cfg/color.c
fg
File: color.cfg 2016/01/02 v1.6 sample color configuration
)
Package xcolor Info: Driver file: pdftex.def on input line 225.
Package xcolor Info: Model `cmy' substituted by `cmy0' on input line 1348.
Package xcolor Info: Model `hsb' substituted by `rgb' on input line 1352.
Package xcolor Info: Model `RGB' extended on input line 1364.
Package xcolor Info: Model `HTML' substituted by `rgb' on input line 1366.
Package xcolor Info: Model `Hsb' substituted by `hsb' on input line 1367.
Package xcolor Info: Model `tHsb' substituted by `hsb' on input line 1368.
Package xcolor Info: Model `HSB' substituted by `hsb' on input line 1369.
Package xcolor Info: Model `Gray' substituted by `gray' on input line 1370.
Package xcolor Info: Model `wave' substituted by `hsb' on input line 1371.

(/home/shahnoor/software/texlive/2019/texmf-dist/tex/latex/graphics/dvipsnam.de
f
File: dvipsnam.def 2016/06/17 v3.0m Driver-dependent file (DPC,SPQR)
))
(/home/shahnoor/software/texlive/2019/texmf-dist/tex/latex/geometry/geometry.st
y
Package: geometry 2018/04/16 v5.8 Page Geometry

(/home/shahnoor/software/texlive/2019/texmf-dist/tex/generic/oberdiek/ifpdf.sty
Package: ifpdf 2018/09/07 v3.3 Provides the ifpdf switch
)
(/home/shahnoor/software/texlive/2019/texmf-dist/tex/generic/oberdiek/ifvtex.st
y
Package: ifvtex 2016/05/16 v1.6 Detect VTeX and its facilities (HO)
Package ifvtex Info: VTeX not detected.
)
(/home/shahnoor/software/texlive/2019/texmf-dist/tex/generic/ifxetex/ifxetex.st
y
Package: ifxetex 2010/09/12 v0.6 Provides ifxetex conditional
)
\Gm@cnth=\count110
\Gm@cntv=\count111
\c@Gm@tempcnt=\count112
\Gm@bindingoffset=\dimen122
\Gm@wd@mp=\dimen123
\Gm@odd@mp=\dimen124
\Gm@even@mp=\dimen125
\Gm@layoutwidth=\dimen126
\Gm@layoutheight=\dimen127
\Gm@layouthoffset=\dimen128
\Gm@layoutvoffset=\dimen129
\Gm@dimlist=\toks22
) (./SquareLatticePercolation.aux)
\openout1 = `SquareLatticePercolation.aux'.

LaTeX Font Info:    Checking defaults for OML/cmm/m/it on input line 14.
LaTeX Font Info:    ... okay on input line 14.
LaTeX Font Info:    Checking defaults for T1/cmr/m/n on input line 14.
LaTeX Font Info:    ... okay on input line 14.
LaTeX Font Info:    Checking defaults for OT1/cmr/m/n on input line 14.
LaTeX Font Info:    ... okay on input line 14.
LaTeX Font Info:    Checking defaults for OMS/cmsy/m/n on input line 14.
LaTeX Font Info:    ... okay on input line 14.
LaTeX Font Info:    Checking defaults for OMX/cmex/m/n on input line 14.
LaTeX Font Info:    ... okay on input line 14.
LaTeX Font Info:    Checking defaults for U/cmr/m/n on input line 14.
LaTeX Font Info:    ... okay on input line 14.

(/home/shahnoor/software/texlive/2019/texmf-dist/tex/context/base/mkii/supp-pdf
.mkii
[Loading MPS to PDF converter (version 2006.09.02).]
\scratchcounter=\count113
\scratchdimen=\dimen130
\scratchbox=\box29
\nofMPsegments=\count114
\nofMParguments=\count115
\everyMPshowfont=\toks23
\MPscratchCnt=\count116
\MPscratchDim=\dimen131
\MPnumerator=\count117
\makeMPintoPDFobject=\count118
\everyMPtoPDFconversion=\toks24
)
(/home/shahnoor/software/texlive/2019/texmf-dist/tex/latex/oberdiek/epstopdf-ba
se.sty
Package: epstopdf-base 2016/05/15 v2.6 Base part for package epstopdf

(/home/shahnoor/software/texlive/2019/texmf-dist/tex/generic/oberdiek/infwarerr
.sty
Package: infwarerr 2016/05/16 v1.4 Providing info/warning/error messages (HO)
)
(/home/shahnoor/software/texlive/2019/texmf-dist/tex/latex/oberdiek/grfext.sty
Package: grfext 2016/05/16 v1.2 Manage graphics extensions (HO)

(/home/shahnoor/software/texlive/2019/texmf-dist/tex/generic/oberdiek/kvdefinek
eys.sty
Package: kvdefinekeys 2016/05/16 v1.4 Define keys (HO)

(/home/shahnoor/software/texlive/2019/texmf-dist/tex/generic/oberdiek/ltxcmds.s
ty
Package: ltxcmds 2016/05/16 v1.23 LaTeX kernel commands for general use (HO)
)))
(/home/shahnoor/software/texlive/2019/texmf-dist/tex/latex/oberdiek/kvoptions.s
ty
Package: kvoptions 2016/05/16 v3.12 Key value format for package options (HO)

(/home/shahnoor/software/texlive/2019/texmf-dist/tex/generic/oberdiek/kvsetkeys
.sty
Package: kvsetkeys 2016/05/16 v1.17 Key value parser (HO)

(/home/shahnoor/software/texlive/2019/texmf-dist/tex/generic/oberdiek/etexcmds.
sty
Package: etexcmds 2016/05/16 v1.6 Avoid name clashes with e-TeX commands (HO)

(/home/shahnoor/software/texlive/2019/texmf-dist/tex/generic/oberdiek/ifluatex.
sty
Package: ifluatex 2016/05/16 v1.4 Provides the ifluatex switch (HO)
Package ifluatex Info: LuaTeX not detected.
))))
(/home/shahnoor/software/texlive/2019/texmf-dist/tex/generic/oberdiek/pdftexcmd
s.sty
Package: pdftexcmds 2018/09/10 v0.29 Utility functions of pdfTeX for LuaTeX (HO
)
Package pdftexcmds Info: LuaTeX not detected.
Package pdftexcmds Info: \pdf@primitive is available.
Package pdftexcmds Info: \pdf@ifprimitive is available.
Package pdftexcmds Info: \pdfdraftmode found.
)
Package epstopdf-base Info: Redefining graphics rule for `.eps' on input line 4
38.
Package grfext Info: Graphics extension search list:
(grfext)             [.pdf,.png,.jpg,.mps,.jpeg,.jbig2,.jb2,.PDF,.PNG,.JPG,.JPE
G,.JBIG2,.JB2,.eps]
(grfext)             \AppendGraphicsExtensions on input line 456.

(/home/shahnoor/software/texlive/2019/texmf-dist/tex/latex/latexconfig/epstopdf
-sys.cfg
File: epstopdf-sys.cfg 2010/07/13 v1.3 Configuration of (r)epstopdf for TeX Liv
e
))
Package caption Info: Begin \AtBeginDocument code.
Package caption Info: subfig package v1.3 is loaded.
Package caption Info: End \AtBeginDocument code.

*geometry* driver: auto-detecting
*geometry* detected driver: pdftex
*geometry* verbose mode - [ preamble ] result:
* driver: pdftex
* paper: a4paper
* layout: <same size as paper>
* layoutoffset:(h,v)=(0.0pt,0.0pt)
* modes: 
* h-part:(L,W,R)=(57.81621pt, 481.87546pt, 57.81621pt)
* v-part:(T,H,B)=(57.81621pt, 729.41443pt, 57.81621pt)
* \paperwidth=597.50787pt
* \paperheight=845.04684pt
* \textwidth=481.87546pt
* \textheight=729.41443pt
* \oddsidemargin=-14.45378pt
* \evensidemargin=-14.45378pt
* \topmargin=-51.45378pt
* \headheight=12.0pt
* \headsep=25.0pt
* \topskip=10.0pt
* \footskip=30.0pt
* \marginparwidth=57.0pt
* \marginparsep=11.0pt
* \columnsep=10.0pt
* \skip\footins=9.0pt plus 4.0pt minus 2.0pt
* \hoffset=0.0pt
* \voffset=0.0pt
* \mag=1000
* \@twocolumnfalse
* \@twosidefalse
* \@mparswitchfalse
* \@reversemarginfalse
* (1in=72.27pt=25.4mm, 1cm=28.453pt)

Chapter 1.
LaTeX Font Info:    Try loading font information for U+msa on input line 16.
(/home/shahnoor/software/texlive/2019/texmf-dist/tex/latex/amsfonts/umsa.fd
File: umsa.fd 2013/01/14 v3.01 AMS symbols A
)
LaTeX Font Info:    Try loading font information for U+msb on input line 16.

(/home/shahnoor/software/texlive/2019/texmf-dist/tex/latex/amsfonts/umsb.fd
File: umsb.fd 2013/01/14 v3.01 AMS symbols B
)
[1


{/home/shahnoor/software/texlive/2019/texmf-var/fonts/map/pdftex/updmap/pdftex.
map}]
Chapter 2.
<fig/lattice-2.png, id=11, 753.7761pt x 753.7761pt>
File: fig/lattice-2.png Graphic file (type png)
<use fig/lattice-2.png>
Package pdftex.def Info: fig/lattice-2.png  used on input line 20.
(pdftex.def)             Requested size: 385.50183pt x 385.51338pt.
[2

] [3 <./fig/lattice-2.png>]
<fig/relative-index/relative-index-2.png, id=22, 753.7761pt x 753.7761pt>
File: fig/relative-index/relative-index-2.png Graphic file (type png)
<use fig/relative-index/relative-index-2.png>
Package pdftex.def Info: fig/relative-index/relative-index-2.png  used on input
 line 97.
(pdftex.def)             Requested size: 144.5641pt x 144.56464pt.
<fig/relative-index/relative-index-3.png, id=23, 753.7761pt x 753.7761pt>
File: fig/relative-index/relative-index-3.png Graphic file (type png)
<use fig/relative-index/relative-index-3.png>
Package pdftex.def Info: fig/relative-index/relative-index-3.png  used on input
 line 98.
(pdftex.def)             Requested size: 144.5641pt x 144.56464pt.
<fig/relative-index/relative-index-4.png, id=24, 753.7761pt x 753.7761pt>
File: fig/relative-index/relative-index-4.png Graphic file (type png)
<use fig/relative-index/relative-index-4.png>
Package pdftex.def Info: fig/relative-index/relative-index-4.png  used on input
 line 99.
(pdftex.def)             Requested size: 144.5641pt x 144.56464pt.
 [4 <./fig/relative-index/relative-index-2.png> <./fig/relative-index/relative-
index-3.png> <./fig/relative-index/relative-index-4.png>]
<fig/relative-index/relative-index-5.png, id=34, 753.7761pt x 753.7761pt>
File: fig/relative-index/relative-index-5.png Graphic file (type png)
<use fig/relative-index/relative-index-5.png>
Package pdftex.def Info: fig/relative-index/relative-index-5.png  used on input
 line 143.
(pdftex.def)             Requested size: 192.74724pt x 192.74518pt.
<fig/relative-index/relative-index-6.png, id=35, 753.7761pt x 753.7761pt>
File: fig/relative-index/relative-index-6.png Graphic file (type png)
<use fig/relative-index/relative-index-6.png>
Package pdftex.def Info: fig/relative-index/relative-index-6.png  used on input
 line 144.
(pdftex.def)             Requested size: 192.74724pt x 192.74518pt.
<fig/relative-index/relative-index-7.png, id=36, 753.7761pt x 753.7761pt>
File: fig/relative-index/relative-index-7.png Graphic file (type png)
<use fig/relative-index/relative-index-7.png>
Package pdftex.def Info: fig/relative-index/relative-index-7.png  used on input
 line 151.
(pdftex.def)             Requested size: 192.74724pt x 192.74518pt.
<fig/relative-index/relative-index-8.png, id=37, 753.7761pt x 753.7761pt>
File: fig/relative-index/relative-index-8.png Graphic file (type png)
<use fig/relative-index/relative-index-8.png>
Package pdftex.def Info: fig/relative-index/relative-index-8.png  used on input
 line 152.
(pdftex.def)             Requested size: 192.74724pt x 192.74518pt.
<fig/relative-index/relative-index-9.png, id=38, 753.7761pt x 753.7761pt>
File: fig/relative-index/relative-index-9.png Graphic file (type png)
<use fig/relative-index/relative-index-9.png>
Package pdftex.def Info: fig/relative-index/relative-index-9.png  used on input
 line 163.
(pdftex.def)             Requested size: 163.83588pt x 163.82996pt.
<fig/relative-index/relative-index-10.png, id=39, 753.7761pt x 753.7761pt>
File: fig/relative-index/relative-index-10.png Graphic file (type png)
<use fig/relative-index/relative-index-10.png>
Package pdftex.def Info: fig/relative-index/relative-index-10.png  used on inpu
t line 164.
(pdftex.def)             Requested size: 163.83588pt x 163.82996pt.
<fig/relative-index/relative-index-11.png, id=40, 753.7761pt x 753.7761pt>
File: fig/relative-index/relative-index-11.png Graphic file (type png)
<use fig/relative-index/relative-index-11.png>
Package pdftex.def Info: fig/relative-index/relative-index-11.png  used on inpu
t line 165.
(pdftex.def)             Requested size: 163.83588pt x 163.82996pt.

Overfull \hbox (9.63217pt too wide) in paragraph at lines 163--166
 [][][][] 
 []

[5 <./fig/relative-index/relative-index-5.png> <./fig/relative-index/relative-i
ndex-6.png>] [6 <./fig/relative-index/relative-index-7.png> <./fig/relative-ind
ex/relative-index-8.png> <./fig/relative-index/relative-index-9.png> <./fig/rel
ative-index/relative-index-10.png> <./fig/relative-index/relative-index-11.png>
] (./SquareLatticePercolation.aux) ) 
Here is how much of TeX's memory you used:
 4966 strings out of 492609
 73839 string characters out of 6122871
 155653 words of memory out of 5000000
 8806 multiletter control sequences out of 15000+600000
 13807 words of font info for 33 fonts, out of 8000000 for 9000
 1141 hyphenation exceptions out of 8191
 44i,15n,49p,899b,403s stack positions out of 5000i,500n,10000p,200000b,80000s
{/home/shahnoor/software/texlive/2019/texmf
-dist/fonts/enc/dvips/cm-super/cm-super-t1.enc}</home/shahnoor/software/texlive
/2019/texmf-dist/fonts/type1/public/amsfonts/cm/cmex10.pfb></home/shahnoor/soft
ware/texlive/2019/texmf-dist/fonts/type1/public/amsfonts/cm/cmmi10.pfb></home/s
hahnoor/software/texlive/2019/texmf-dist/fonts/type1/public/amsfonts/cm/cmmi7.p
fb></home/shahnoor/software/texlive/2019/texmf-dist/fonts/type1/public/amsfonts
/cm/cmr10.pfb></home/shahnoor/software/texlive/2019/texmf-dist/fonts/type1/publ
ic/amsfonts/cm/cmsy10.pfb></home/shahnoor/software/texlive/2019/texmf-dist/font
s/type1/public/amsfonts/cm/cmsy7.pfb></home/shahnoor/software/texlive/2019/texm
f-dist/fonts/type1/public/cm-super/sfbx1200.pfb></home/shahnoor/software/texliv
e/2019/texmf-dist/fonts/type1/public/cm-super/sfbx1440.pfb></home/shahnoor/soft
ware/texlive/2019/texmf-dist/fonts/type1/public/cm-super/sfbx2074.pfb></home/sh
ahnoor/software/texlive/2019/texmf-dist/fonts/type1/public/cm-super/sfbx2488.pf
b></home/shahnoor/software/texlive/2019/texmf-dist/fonts/type1/public/cm-super/
sfrm0800.pfb></home/shahnoor/software/texlive/2019/texmf-dist/fonts/type1/publi
c/cm-super/sfrm1000.pfb>
Output written on SquareLatticePercolation.pdf (6 pages, 540969 bytes).
PDF statistics:
 95 PDF objects out of 1000 (max. 8388607)
 52 compressed objects within 1 object stream
 0 named destinations out of 1000 (max. 500000)
 56 words of extra memory for PDF output out of 10000 (max. 10000000)

